<?xml version="1.0" encoding="UTF-8" ?>
<testsuite tests="4" failures="0" name="com.lightbend.akka.sample.DeviceGroupQueryTest" time="0.18" errors="0" skipped="0">
  <properties>
    <property name="idea.version" value="2017.1.5"/>
    <property name="java.runtime.name" value="Java(TM) SE Runtime Environment"/>
    <property name="sun.boot.library.path" value="/Library/Java/JavaVirtualMachines/jdk1.8.0_131.jdk/Contents/Home/jre/lib"/>
    <property name="java.vm.version" value="25.131-b11"/>
    <property name="gopherProxySet" value="false"/>
    <property name="java.vm.vendor" value="Oracle Corporation"/>
    <property name="java.vendor.url" value="http://java.oracle.com/"/>
    <property name="path.separator" value=":"/>
    <property name="guice.disable.misplaced.annotation.check" value="true"/>
    <property name="java.vm.name" value="Java HotSpot(TM) 64-Bit Server VM"/>
    <property name="file.encoding.pkg" value="sun.io"/>
    <property name="user.country" value="US"/>
    <property name="sun.java.launcher" value="SUN_STANDARD"/>
    <property name="sun.os.patch.level" value="unknown"/>
    <property name="java.vm.specification.name" value="Java Virtual Machine Specification"/>
    <property name="user.dir" value="/Users/bin.guo/Downloads/akka-quickstart-java"/>
    <property name="forkCount" value="0"/>
    <property name="java.runtime.version" value="1.8.0_131-b11"/>
    <property name="java.awt.graphicsenv" value="sun.awt.CGraphicsEnvironment"/>
    <property name="basedir" value="/Users/bin.guo/Downloads/akka-quickstart-java"/>
    <property name="java.endorsed.dirs" value="/Library/Java/JavaVirtualMachines/jdk1.8.0_131.jdk/Contents/Home/jre/lib/endorsed"/>
    <property name="os.arch" value="x86_64"/>
    <property name="java.io.tmpdir" value="/var/folders/4q/86w1nq2s55lggw8qp30m04km0000gn/T/"/>
    <property name="line.separator" value="
"/>
    <property name="java.vm.specification.vendor" value="Oracle Corporation"/>
    <property name="os.name" value="Mac OS X"/>
    <property name="reuseForks" value="false"/>
    <property name="classworlds.conf" value="/Users/bin.guo/Documents/tomcatmaven/apache-maven-3.2.5/bin/m2.conf"/>
    <property name="sun.jnu.encoding" value="UTF-8"/>
    <property name="java.library.path" value="/Users/bin.guo/Library/Java/Extensions:/Library/Java/Extensions:/Network/Library/Java/Extensions:/System/Library/Java/Extensions:/usr/lib/java:."/>
    <property name="surefire.test.class.path" value="/Users/bin.guo/Downloads/akka-quickstart-java/target/test-classes:/Users/bin.guo/Downloads/akka-quickstart-java/target/classes:/Users/bin.guo/Documents/tomcatmaven/MavenLocalRepo/com/typesafe/akka/akka-actor_2.12/2.5.19/akka-actor_2.12-2.5.19.jar:/Users/bin.guo/Documents/tomcatmaven/MavenLocalRepo/org/scala-lang/scala-library/2.12.8/scala-library-2.12.8.jar:/Users/bin.guo/Documents/tomcatmaven/MavenLocalRepo/com/typesafe/config/1.3.3/config-1.3.3.jar:/Users/bin.guo/Documents/tomcatmaven/MavenLocalRepo/org/scala-lang/modules/scala-java8-compat_2.12/0.8.0/scala-java8-compat_2.12-0.8.0.jar:/Users/bin.guo/Documents/tomcatmaven/MavenLocalRepo/com/typesafe/akka/akka-testkit_2.12/2.5.19/akka-testkit_2.12-2.5.19.jar:/Users/bin.guo/Documents/tomcatmaven/MavenLocalRepo/junit/junit/4.12/junit-4.12.jar:/Users/bin.guo/Documents/tomcatmaven/MavenLocalRepo/org/hamcrest/hamcrest-core/1.3/hamcrest-core-1.3.jar:"/>
    <property name="java.specification.name" value="Java Platform API Specification"/>
    <property name="java.class.version" value="52.0"/>
    <property name="sun.management.compiler" value="HotSpot 64-Bit Tiered Compilers"/>
    <property name="maven.repo.local" value="/Users/bin.guo/Documents/tomcatmaven/MavenLocalRepo"/>
    <property name="os.version" value="10.12.5"/>
    <property name="user.home" value="/Users/bin.guo"/>
    <property name="user.timezone" value="Asia/Shanghai"/>
    <property name="java.awt.printerjob" value="sun.lwawt.macosx.CPrinterJob"/>
    <property name="java.specification.version" value="1.8"/>
    <property name="file.encoding" value="UTF-8"/>
    <property name="user.name" value="bin.guo"/>
    <property name="java.class.path" value="/Users/bin.guo/Documents/tomcatmaven/apache-maven-3.2.5/boot/plexus-classworlds-2.5.2.jar:/Applications/IntelliJ IDEA.app/Contents/lib/idea_rt.jar:/Users/bin.guo/Library/Caches/IntelliJIdea2017.1/groovyHotSwap/gragent.jar"/>
    <property name="java.vm.specification.version" value="1.8"/>
    <property name="sun.arch.data.model" value="64"/>
    <property name="java.home" value="/Library/Java/JavaVirtualMachines/jdk1.8.0_131.jdk/Contents/Home/jre"/>
    <property name="sun.java.command" value="org.codehaus.classworlds.Launcher -Didea.version=2017.1.5 -s /Users/bin.guo/Documents/tomcatmaven/apache-maven-3.2.5/conf/settings-zd.xml -Dmaven.repo.local=/Users/bin.guo/Documents/tomcatmaven/MavenLocalRepo test -DforkMode=never -DforkCount=0 -DreuseForks=false"/>
    <property name="java.specification.vendor" value="Oracle Corporation"/>
    <property name="user.language" value="en"/>
    <property name="awt.toolkit" value="sun.lwawt.macosx.LWCToolkit"/>
    <property name="java.vm.info" value="mixed mode"/>
    <property name="java.version" value="1.8.0_131"/>
    <property name="java.ext.dirs" value="/Users/bin.guo/Library/Java/Extensions:/Library/Java/JavaVirtualMachines/jdk1.8.0_131.jdk/Contents/Home/jre/lib/ext:/Library/Java/Extensions:/Network/Library/Java/Extensions:/System/Library/Java/Extensions:/usr/lib/java"/>
    <property name="sun.boot.class.path" value="/Library/Java/JavaVirtualMachines/jdk1.8.0_131.jdk/Contents/Home/jre/lib/resources.jar:/Library/Java/JavaVirtualMachines/jdk1.8.0_131.jdk/Contents/Home/jre/lib/rt.jar:/Library/Java/JavaVirtualMachines/jdk1.8.0_131.jdk/Contents/Home/jre/lib/sunrsasign.jar:/Library/Java/JavaVirtualMachines/jdk1.8.0_131.jdk/Contents/Home/jre/lib/jsse.jar:/Library/Java/JavaVirtualMachines/jdk1.8.0_131.jdk/Contents/Home/jre/lib/jce.jar:/Library/Java/JavaVirtualMachines/jdk1.8.0_131.jdk/Contents/Home/jre/lib/charsets.jar:/Library/Java/JavaVirtualMachines/jdk1.8.0_131.jdk/Contents/Home/jre/lib/jfr.jar:/Library/Java/JavaVirtualMachines/jdk1.8.0_131.jdk/Contents/Home/jre/classes"/>
    <property name="java.vendor" value="Oracle Corporation"/>
    <property name="maven.home" value="/Users/bin.guo/Documents/tomcatmaven/apache-maven-3.2.5"/>
    <property name="localRepository" value="/Users/bin.guo/Documents/tomcatmaven/MavenLocalRepo"/>
    <property name="file.separator" value="/"/>
    <property name="java.vendor.url.bug" value="http://bugreport.sun.com/bugreport/"/>
    <property name="forkMode" value="never"/>
    <property name="sun.cpu.endian" value="little"/>
    <property name="sun.io.unicode.encoding" value="UnicodeBig"/>
    <property name="sun.cpu.isalist" value=""/>
  </properties>
  <testcase classname="com.lightbend.akka.sample.DeviceGroupQueryTest" name="testReturnDeviceNotAvailableIfDeviceStopsBeforeAnswering" time="0.057"/>
  <testcase classname="com.lightbend.akka.sample.DeviceGroupQueryTest" name="testReturnTemperatureValueForWorkingDevices" time="0.043"/>
  <testcase classname="com.lightbend.akka.sample.DeviceGroupQueryTest" name="testReturnTemperatureNotAvailableForDevicesWithNoReadings" time="0.044"/>
  <testcase classname="com.lightbend.akka.sample.DeviceGroupQueryTest" name="testReturnTemperatureReadingEvenIfDeviceStopsAfterAnswering" time="0.036"/>
</testsuite>